<?xml version="1.0" encoding="UTF-8"?>
<testng-results skipped="0" failed="1" ignored="0" total="4" passed="3">
  <reporter-output>
  </reporter-output>
  <suite name="Default suite" duration-ms="35192" started-at="2018-12-04T04:33:24Z" finished-at="2018-12-04T04:33:59Z">
    <groups>
    </groups>
    <test name="Default test" duration-ms="35192" started-at="2018-12-04T04:33:24Z" finished-at="2018-12-04T04:33:59Z">
      <class name="liveguru99.updatevalue.Sample3">
        <test-method status="PASS" signature="Open_browser()[pri:0, instance:liveguru99.updatevalue.Sample3@6ee52dcd]" name="Open_browser" is-config="true" duration-ms="63632" started-at="2018-12-04T04:32:21Z" finished-at="2018-12-04T04:33:24Z">
          <reporter-output>
          </reporter-output>
        </test-method> <!-- Open_browser -->
        <test-method status="PASS" signature="Enter_Application()[pri:0, instance:liveguru99.updatevalue.Sample3@6ee52dcd]" name="Enter_Application" is-config="true" duration-ms="14393" started-at="2018-12-04T04:33:24Z" finished-at="2018-12-04T04:33:39Z">
          <reporter-output>
          </reporter-output>
        </test-method> <!-- Enter_Application -->
        <test-method status="PASS" signature="Maximize_browser()[pri:0, instance:liveguru99.updatevalue.Sample3@6ee52dcd]" name="Maximize_browser" is-config="true" duration-ms="1738" started-at="2018-12-04T04:33:39Z" finished-at="2018-12-04T04:33:41Z">
          <reporter-output>
          </reporter-output>
        </test-method> <!-- Maximize_browser -->
        <test-method status="PASS" signature="Clickonmobile()[pri:1, instance:liveguru99.updatevalue.Sample3@6ee52dcd]" name="Clickonmobile" duration-ms="6788" started-at="2018-12-04T04:33:41Z" finished-at="2018-12-04T04:33:47Z">
          <reporter-output>
          </reporter-output>
        </test-method> <!-- Clickonmobile -->
        <test-method status="PASS" signature="addtocrt()[pri:2, instance:liveguru99.updatevalue.Sample3@6ee52dcd]" name="addtocrt" duration-ms="10374" started-at="2018-12-04T04:33:47Z" finished-at="2018-12-04T04:33:58Z">
          <reporter-output>
          </reporter-output>
        </test-method> <!-- addtocrt -->
        <test-method status="PASS" signature="Clickonemptycard()[pri:3, instance:liveguru99.updatevalue.Sample3@6ee52dcd]" name="Clickonemptycard" duration-ms="1339" started-at="2018-12-04T04:33:58Z" finished-at="2018-12-04T04:33:59Z">
          <reporter-output>
          </reporter-output>
        </test-method> <!-- Clickonemptycard -->
        <test-method status="FAIL" signature="Comparebotherrormsg()[pri:4, instance:liveguru99.updatevalue.Sample3@6ee52dcd]" name="Comparebotherrormsg" duration-ms="17" started-at="2018-12-04T04:33:59Z" finished-at="2018-12-04T04:33:59Z">
          <exception class="java.lang.AssertionError">
            <message>
              <![CDATA[expected [Shopping Cart is Empty] but found [Shopping Cart]]]>
            </message>
            <full-stacktrace>
              <![CDATA[java.lang.AssertionError: expected [Shopping Cart is Empty] but found [Shopping Cart]
at org.testng.Assert.fail(Assert.java:96)
at org.testng.Assert.failNotEquals(Assert.java:776)
at org.testng.Assert.assertEqualsImpl(Assert.java:137)
at org.testng.Assert.assertEquals(Assert.java:118)
at org.testng.Assert.assertEquals(Assert.java:453)
at org.testng.Assert.assertEquals(Assert.java:463)
at liveguru99.updatevalue.Sample3.Comparebotherrormsg(Sample3.java:60)
at sun.reflect.NativeMethodAccessorImpl.invoke0(Native Method)
at sun.reflect.NativeMethodAccessorImpl.invoke(NativeMethodAccessorImpl.java:62)
at sun.reflect.DelegatingMethodAccessorImpl.invoke(DelegatingMethodAccessorImpl.java:43)
at java.lang.reflect.Method.invoke(Method.java:498)
at org.testng.internal.MethodInvocationHelper.invokeMethod(MethodInvocationHelper.java:124)
at org.testng.internal.Invoker.invokeMethod(Invoker.java:583)
at org.testng.internal.Invoker.invokeTestMethod(Invoker.java:719)
at org.testng.internal.Invoker.invokeTestMethods(Invoker.java:989)
at org.testng.internal.TestMethodWorker.invokeTestMethods(TestMethodWorker.java:125)
at org.testng.internal.TestMethodWorker.run(TestMethodWorker.java:109)
at org.testng.TestRunner.privateRun(TestRunner.java:648)
at org.testng.TestRunner.run(TestRunner.java:505)
at org.testng.SuiteRunner.runTest(SuiteRunner.java:455)
at org.testng.SuiteRunner.runSequentially(SuiteRunner.java:450)
at org.testng.SuiteRunner.privateRun(SuiteRunner.java:415)
at org.testng.SuiteRunner.run(SuiteRunner.java:364)
at org.testng.SuiteRunnerWorker.runSuite(SuiteRunnerWorker.java:52)
at org.testng.SuiteRunnerWorker.run(SuiteRunnerWorker.java:84)
at org.testng.TestNG.runSuitesSequentially(TestNG.java:1208)
at org.testng.TestNG.runSuitesLocally(TestNG.java:1137)
at org.testng.TestNG.runSuites(TestNG.java:1049)
at org.testng.TestNG.run(TestNG.java:1017)
at org.testng.remote.AbstractRemoteTestNG.run(AbstractRemoteTestNG.java:114)
at org.testng.remote.RemoteTestNG.initAndRun(RemoteTestNG.java:251)
at org.testng.remote.RemoteTestNG.main(RemoteTestNG.java:77)
]]>
            </full-stacktrace>
          </exception> <!-- java.lang.AssertionError -->
          <reporter-output>
          </reporter-output>
        </test-method> <!-- Comparebotherrormsg -->
      </class> <!-- liveguru99.updatevalue.Sample3 -->
    </test> <!-- Default test -->
  </suite> <!-- Default suite -->
</testng-results>
